<?xml version="1.0" encoding="UTF-8"?>
<testng-results ignored="0" total="2" passed="2" failed="0" skipped="0">
  <reporter-output>
  </reporter-output>
  <suite started-at="2024-02-12T19:27:32 IST" name="Default suite" finished-at="2024-02-12T19:27:36 IST" duration-ms="4172">
    <groups>
      <group name="cucumber">
        <method signature="AbstractTestNGCucumberTests.runScenario(io.cucumber.testng.PickleWrapper,io.cucumber.testng.FeatureWrapper)[pri:0, instance:TestRunner.CucmberTestRunner2ForTags@4d1c005e]" name="runScenario" class="io.cucumber.testng.AbstractTestNGCucumberTests"/>
      </group> <!-- cucumber -->
    </groups>
    <test started-at="2024-02-12T19:27:32 IST" name="Default test" finished-at="2024-02-12T19:27:36 IST" duration-ms="4172">
      <class name="TestRunner.CucmberTestRunner2ForTags">
        <test-method is-config="true" signature="setUpClass(org.testng.ITestContext)[pri:0, instance:TestRunner.CucmberTestRunner2ForTags@4d1c005e]" started-at="2024-02-12T19:27:32 IST" name="setUpClass" finished-at="2024-02-12T19:27:35 IST" duration-ms="3300" status="PASS">
          <params>
            <param index="0">
              <value>
                <![CDATA[org.testng.TestRunner@1d81e101]]>
              </value>
            </param>
          </params>
          <reporter-output>
          </reporter-output>
        </test-method> <!-- setUpClass -->
        <test-method signature="runScenario(io.cucumber.testng.PickleWrapper,io.cucumber.testng.FeatureWrapper)[pri:0, instance:TestRunner.CucmberTestRunner2ForTags@4d1c005e]" started-at="2024-02-12T19:27:35 IST" name="runScenario" description="Runs Cucumber Scenarios" data-provider="scenarios" finished-at="2024-02-12T19:27:36 IST" duration-ms="382" status="PASS">
          <params>
            <param index="0">
              <value>
                <![CDATA["Scenario 2 from test1 feature"]]>
              </value>
            </param>
            <param index="1">
              <value>
                <![CDATA["This is test1 Feature"]]>
              </value>
            </param>
          </params>
          <reporter-output>
          </reporter-output>
        </test-method> <!-- runScenario -->
        <test-method signature="runScenario(io.cucumber.testng.PickleWrapper,io.cucumber.testng.FeatureWrapper)[pri:0, instance:TestRunner.CucmberTestRunner2ForTags@4d1c005e]" started-at="2024-02-12T19:27:36 IST" name="runScenario" description="Runs Cucumber Scenarios" data-provider="scenarios" finished-at="2024-02-12T19:27:36 IST" duration-ms="22" status="PASS">
          <params>
            <param index="0">
              <value>
                <![CDATA["Scenario 3 from test3 feature"]]>
              </value>
            </param>
            <param index="1">
              <value>
                <![CDATA["This is test3 feature"]]>
              </value>
            </param>
          </params>
          <reporter-output>
          </reporter-output>
        </test-method> <!-- runScenario -->
        <test-method is-config="true" signature="tearDownClass()[pri:0, instance:TestRunner.CucmberTestRunner2ForTags@4d1c005e]" started-at="2024-02-12T19:27:36 IST" name="tearDownClass" finished-at="2024-02-12T19:27:36 IST" duration-ms="188" status="PASS">
          <reporter-output>
          </reporter-output>
        </test-method> <!-- tearDownClass -->
      </class> <!-- TestRunner.CucmberTestRunner2ForTags -->
    </test> <!-- Default test -->
  </suite> <!-- Default suite -->
</testng-results>
